Analysis & Synthesis report for RISC_V
Wed Dec 20 15:03:37 2023
Quartus II 64-Bit Version 13.0.1 Build 232 06/12/2013 Service Pack 1 SJ Web Edition


---------------------
; Table of Contents ;
---------------------
  1. Legal Notice
  2. Analysis & Synthesis Summary
  3. Analysis & Synthesis Settings
  4. Parallel Compilation
  5. Analysis & Synthesis Source Files Read
  6. Analysis & Synthesis Resource Usage Summary
  7. Analysis & Synthesis Resource Utilization by Entity
  8. User-Specified and Inferred Latches
  9. Registers Removed During Synthesis
 10. General Register Statistics
 11. Multiplexer Restructuring Statistics (Restructuring Performed)
 12. Parameter Settings for User Entity Instance: Top-level Entity: |datapath
 13. Parameter Settings for User Entity Instance: FFD_resettable:pcreg
 14. Parameter Settings for User Entity Instance: instructionMemory:imem
 15. Parameter Settings for User Entity Instance: regFile:regfile
 16. Parameter Settings for User Entity Instance: alu:alu
 17. Parameter Settings for User Entity Instance: dataMemory:dmem
 18. Parameter Settings for User Entity Instance: shiftLeft:shiftLeft_12
 19. Parameter Settings for User Entity Instance: shiftLeft:shiftLeft_1
 20. Parameter Settings for User Entity Instance: mux:mux_memToReg
 21. Parameter Settings for User Entity Instance: mux:mux_jal
 22. Parameter Settings for User Entity Instance: mux:mux_lui
 23. Parameter Settings for User Entity Instance: mux:mux_slt
 24. Parameter Settings for User Entity Instance: mux:mux_signBit
 25. Parameter Settings for User Entity Instance: mux:mux_aluSrcB
 26. Parameter Settings for User Entity Instance: mux:mux_pcNext
 27. Parameter Settings for User Entity Instance: adder:adder4
 28. Parameter Settings for User Entity Instance: adder:adderShiftLeft1
 29. Port Connectivity Checks: "adder:adder4"
 30. Port Connectivity Checks: "mux:mux_signBit"
 31. Port Connectivity Checks: "shiftLeft:shiftLeft_1"
 32. Port Connectivity Checks: "shiftLeft:shiftLeft_12"
 33. Port Connectivity Checks: "dataMemory:dmem"
 34. Port Connectivity Checks: "instructionMemory:imem"
 35. Elapsed Time Per Partition
 36. Analysis & Synthesis Messages
 37. Analysis & Synthesis Suppressed Messages



----------------
; Legal Notice ;
----------------
Copyright (C) 1991-2013 Altera Corporation
Your use of Altera Corporation's design tools, logic functions 
and other software and tools, and its AMPP partner logic 
functions, and any output files from any of the foregoing 
(including device programming or simulation files), and any 
associated documentation or information are expressly subject 
to the terms and conditions of the Altera Program License 
Subscription Agreement, Altera MegaCore Function License 
Agreement, or other applicable license agreement, including, 
without limitation, that your use is for the sole purpose of 
programming logic devices manufactured by Altera and sold by 
Altera or its authorized distributors.  Please refer to the 
applicable agreement for further details.



+--------------------------------------------------------------------------------------+
; Analysis & Synthesis Summary                                                         ;
+------------------------------------+-------------------------------------------------+
; Analysis & Synthesis Status        ; Successful - Wed Dec 20 15:03:37 2023           ;
; Quartus II 64-Bit Version          ; 13.0.1 Build 232 06/12/2013 SP 1 SJ Web Edition ;
; Revision Name                      ; RISC_V                                          ;
; Top-level Entity Name              ; datapath                                        ;
; Family                             ; Cyclone II                                      ;
; Total logic elements               ; 6,373                                           ;
;     Total combinational functions  ; 3,365                                           ;
;     Dedicated logic registers      ; 3,103                                           ;
; Total registers                    ; 3103                                            ;
; Total pins                         ; 33                                              ;
; Total virtual pins                 ; 0                                               ;
; Total memory bits                  ; 0                                               ;
; Embedded Multiplier 9-bit elements ; 0                                               ;
; Total PLLs                         ; 0                                               ;
+------------------------------------+-------------------------------------------------+


+----------------------------------------------------------------------------------------------------------------------+
; Analysis & Synthesis Settings                                                                                        ;
+----------------------------------------------------------------------------+--------------------+--------------------+
; Option                                                                     ; Setting            ; Default Value      ;
+----------------------------------------------------------------------------+--------------------+--------------------+
; Device                                                                     ; EP2C35F672C6       ;                    ;
; Top-level entity name                                                      ; datapath           ; RISC_V             ;
; Family name                                                                ; Cyclone II         ; Cyclone IV GX      ;
; Use smart compilation                                                      ; Off                ; Off                ;
; Enable parallel Assembler and TimeQuest Timing Analyzer during compilation ; On                 ; On                 ;
; Enable compact report table                                                ; Off                ; Off                ;
; Restructure Multiplexers                                                   ; Auto               ; Auto               ;
; Create Debugging Nodes for IP Cores                                        ; Off                ; Off                ;
; Preserve fewer node names                                                  ; On                 ; On                 ;
; Disable OpenCore Plus hardware evaluation                                  ; Off                ; Off                ;
; Verilog Version                                                            ; Verilog_2001       ; Verilog_2001       ;
; VHDL Version                                                               ; VHDL_1993          ; VHDL_1993          ;
; State Machine Processing                                                   ; Auto               ; Auto               ;
; Safe State Machine                                                         ; Off                ; Off                ;
; Extract Verilog State Machines                                             ; On                 ; On                 ;
; Extract VHDL State Machines                                                ; On                 ; On                 ;
; Ignore Verilog initial constructs                                          ; Off                ; Off                ;
; Iteration limit for constant Verilog loops                                 ; 5000               ; 5000               ;
; Iteration limit for non-constant Verilog loops                             ; 250                ; 250                ;
; Add Pass-Through Logic to Inferred RAMs                                    ; On                 ; On                 ;
; Infer RAMs from Raw Logic                                                  ; On                 ; On                 ;
; Parallel Synthesis                                                         ; On                 ; On                 ;
; DSP Block Balancing                                                        ; Auto               ; Auto               ;
; NOT Gate Push-Back                                                         ; On                 ; On                 ;
; Power-Up Don't Care                                                        ; On                 ; On                 ;
; Remove Redundant Logic Cells                                               ; Off                ; Off                ;
; Remove Duplicate Registers                                                 ; On                 ; On                 ;
; Ignore CARRY Buffers                                                       ; Off                ; Off                ;
; Ignore CASCADE Buffers                                                     ; Off                ; Off                ;
; Ignore GLOBAL Buffers                                                      ; Off                ; Off                ;
; Ignore ROW GLOBAL Buffers                                                  ; Off                ; Off                ;
; Ignore LCELL Buffers                                                       ; Off                ; Off                ;
; Ignore SOFT Buffers                                                        ; On                 ; On                 ;
; Limit AHDL Integers to 32 Bits                                             ; Off                ; Off                ;
; Optimization Technique                                                     ; Balanced           ; Balanced           ;
; Carry Chain Length                                                         ; 70                 ; 70                 ;
; Auto Carry Chains                                                          ; On                 ; On                 ;
; Auto Open-Drain Pins                                                       ; On                 ; On                 ;
; Perform WYSIWYG Primitive Resynthesis                                      ; Off                ; Off                ;
; Auto ROM Replacement                                                       ; On                 ; On                 ;
; Auto RAM Replacement                                                       ; On                 ; On                 ;
; Auto Shift Register Replacement                                            ; Auto               ; Auto               ;
; Allow Shift Register Merging across Hierarchies                            ; Auto               ; Auto               ;
; Auto Clock Enable Replacement                                              ; On                 ; On                 ;
; Strict RAM Replacement                                                     ; Off                ; Off                ;
; Allow Synchronous Control Signals                                          ; On                 ; On                 ;
; Force Use of Synchronous Clear Signals                                     ; Off                ; Off                ;
; Auto RAM to Logic Cell Conversion                                          ; Off                ; Off                ;
; Auto Resource Sharing                                                      ; Off                ; Off                ;
; Allow Any RAM Size For Recognition                                         ; Off                ; Off                ;
; Allow Any ROM Size For Recognition                                         ; Off                ; Off                ;
; Allow Any Shift Register Size For Recognition                              ; Off                ; Off                ;
; Use LogicLock Constraints during Resource Balancing                        ; On                 ; On                 ;
; Ignore translate_off and synthesis_off directives                          ; Off                ; Off                ;
; Timing-Driven Synthesis                                                    ; Off                ; Off                ;
; Report Parameter Settings                                                  ; On                 ; On                 ;
; Report Source Assignments                                                  ; On                 ; On                 ;
; Report Connectivity Checks                                                 ; On                 ; On                 ;
; Ignore Maximum Fan-Out Assignments                                         ; Off                ; Off                ;
; Synchronization Register Chain Length                                      ; 2                  ; 2                  ;
; PowerPlay Power Optimization                                               ; Normal compilation ; Normal compilation ;
; HDL message level                                                          ; Level2             ; Level2             ;
; Suppress Register Optimization Related Messages                            ; Off                ; Off                ;
; Number of Removed Registers Reported in Synthesis Report                   ; 5000               ; 5000               ;
; Number of Swept Nodes Reported in Synthesis Report                         ; 5000               ; 5000               ;
; Number of Inverted Registers Reported in Synthesis Report                  ; 100                ; 100                ;
; Clock MUX Protection                                                       ; On                 ; On                 ;
; Auto Gated Clock Conversion                                                ; Off                ; Off                ;
; Block Design Naming                                                        ; Auto               ; Auto               ;
; SDC constraint protection                                                  ; Off                ; Off                ;
; Synthesis Effort                                                           ; Auto               ; Auto               ;
; Shift Register Replacement - Allow Asynchronous Clear Signal               ; On                 ; On                 ;
; Pre-Mapping Resynthesis Optimization                                       ; Off                ; Off                ;
; Analysis & Synthesis Message Level                                         ; Medium             ; Medium             ;
; Disable Register Merging Across Hierarchies                                ; Auto               ; Auto               ;
; Resource Aware Inference For Block RAM                                     ; On                 ; On                 ;
; Synthesis Seed                                                             ; 1                  ; 1                  ;
+----------------------------------------------------------------------------+--------------------+--------------------+


Parallel compilation was disabled, but you have multiple processors available. Enable parallel compilation to reduce compilation time.
+-------------------------------------+
; Parallel Compilation                ;
+----------------------------+--------+
; Processors                 ; Number ;
+----------------------------+--------+
; Number detected on machine ; 12     ;
; Maximum allowed            ; 1      ;
+----------------------------+--------+


+-------------------------------------------------------------------------------------------------------------------------------------------------------------------------------------+
; Analysis & Synthesis Source Files Read                                                                                                                                              ;
+----------------------------------+-----------------+------------------------+---------------------------------------------------------------------------------------------+---------+
; File Name with User-Entered Path ; Used in Netlist ; File Type              ; File Name with Absolute Path                                                                ; Library ;
+----------------------------------+-----------------+------------------------+---------------------------------------------------------------------------------------------+---------+
; instructionMemory.v              ; yes             ; User Verilog HDL File  ; D:/University/Thiet_Ke_He_Thong_So_Voi_HDL/Final_Project/Risc_V_Verilog/instructionMemory.v ;         ;
; dataMemory.v                     ; yes             ; User Verilog HDL File  ; D:/University/Thiet_Ke_He_Thong_So_Voi_HDL/Final_Project/Risc_V_Verilog/dataMemory.v        ;         ;
; regFile.v                        ; yes             ; User Verilog HDL File  ; D:/University/Thiet_Ke_He_Thong_So_Voi_HDL/Final_Project/Risc_V_Verilog/regFile.v           ;         ;
; mux.v                            ; yes             ; User Verilog HDL File  ; D:/University/Thiet_Ke_He_Thong_So_Voi_HDL/Final_Project/Risc_V_Verilog/mux.v               ;         ;
; alu.v                            ; yes             ; User Verilog HDL File  ; D:/University/Thiet_Ke_He_Thong_So_Voi_HDL/Final_Project/Risc_V_Verilog/alu.v               ;         ;
; adder.v                          ; yes             ; User Verilog HDL File  ; D:/University/Thiet_Ke_He_Thong_So_Voi_HDL/Final_Project/Risc_V_Verilog/adder.v             ;         ;
; shiftLeft.v                      ; yes             ; User Verilog HDL File  ; D:/University/Thiet_Ke_He_Thong_So_Voi_HDL/Final_Project/Risc_V_Verilog/shiftLeft.v         ;         ;
; immGenerator.v                   ; yes             ; User Verilog HDL File  ; D:/University/Thiet_Ke_He_Thong_So_Voi_HDL/Final_Project/Risc_V_Verilog/immGenerator.v      ;         ;
; FFD_resettable.v                 ; yes             ; User Verilog HDL File  ; D:/University/Thiet_Ke_He_Thong_So_Voi_HDL/Final_Project/Risc_V_Verilog/FFD_resettable.v    ;         ;
; datapath.v                       ; yes             ; User Verilog HDL File  ; D:/University/Thiet_Ke_He_Thong_So_Voi_HDL/Final_Project/Risc_V_Verilog/datapath.v          ;         ;
+----------------------------------+-----------------+------------------------+---------------------------------------------------------------------------------------------+---------+


+-----------------------------------------------------+
; Analysis & Synthesis Resource Usage Summary         ;
+---------------------------------------------+-------+
; Resource                                    ; Usage ;
+---------------------------------------------+-------+
; Estimated Total logic elements              ; 6,373 ;
;                                             ;       ;
; Total combinational functions               ; 3365  ;
; Logic element usage by number of LUT inputs ;       ;
;     -- 4 input functions                    ; 3130  ;
;     -- 3 input functions                    ; 147   ;
;     -- <=2 input functions                  ; 88    ;
;                                             ;       ;
; Logic elements by mode                      ;       ;
;     -- normal mode                          ; 3274  ;
;     -- arithmetic mode                      ; 91    ;
;                                             ;       ;
; Total registers                             ; 3103  ;
;     -- Dedicated logic registers            ; 3103  ;
;     -- I/O registers                        ; 0     ;
;                                             ;       ;
; I/O pins                                    ; 33    ;
; Embedded Multiplier 9-bit elements          ; 0     ;
; Maximum fan-out node                        ; clock ;
; Maximum fan-out                             ; 3103  ;
; Total fan-out                               ; 22525 ;
; Average fan-out                             ; 3.46  ;
+---------------------------------------------+-------+


+-------------------------------------------------------------------------------------------------------------------------------------------------------------------------------------------+
; Analysis & Synthesis Resource Utilization by Entity                                                                                                                                       ;
+-----------------------------+-------------------+--------------+-------------+--------------+---------+-----------+------+--------------+----------------------------------+--------------+
; Compilation Hierarchy Node  ; LC Combinationals ; LC Registers ; Memory Bits ; DSP Elements ; DSP 9x9 ; DSP 18x18 ; Pins ; Virtual Pins ; Full Hierarchy Name              ; Library Name ;
+-----------------------------+-------------------+--------------+-------------+--------------+---------+-----------+------+--------------+----------------------------------+--------------+
; |datapath                   ; 3365 (0)          ; 3103 (0)     ; 0           ; 0            ; 0       ; 0         ; 33   ; 0            ; |datapath                        ; work         ;
;    |FFD_resettable:pcreg|   ; 31 (31)           ; 31 (31)      ; 0           ; 0            ; 0       ; 0         ; 0    ; 0            ; |datapath|FFD_resettable:pcreg   ; work         ;
;    |adder:adder4|           ; 30 (30)           ; 0 (0)        ; 0           ; 0            ; 0       ; 0         ; 0    ; 0            ; |datapath|adder:adder4           ; work         ;
;    |alu:alu|                ; 190 (190)         ; 0 (0)        ; 0           ; 0            ; 0       ; 0         ; 0    ; 0            ; |datapath|alu:alu                ; work         ;
;    |dataMemory:dmem|        ; 1456 (1456)       ; 2048 (2048)  ; 0           ; 0            ; 0       ; 0         ; 0    ; 0            ; |datapath|dataMemory:dmem        ; work         ;
;    |immGenerator:immGen|    ; 42 (42)           ; 0 (0)        ; 0           ; 0            ; 0       ; 0         ; 0    ; 0            ; |datapath|immGenerator:immGen    ; work         ;
;    |instructionMemory:imem| ; 74 (74)           ; 0 (0)        ; 0           ; 0            ; 0       ; 0         ; 0    ; 0            ; |datapath|instructionMemory:imem ; work         ;
;    |mux:mux_aluSrcB|        ; 42 (42)           ; 0 (0)        ; 0           ; 0            ; 0       ; 0         ; 0    ; 0            ; |datapath|mux:mux_aluSrcB        ; work         ;
;    |mux:mux_lui|            ; 1 (1)             ; 0 (0)        ; 0           ; 0            ; 0       ; 0         ; 0    ; 0            ; |datapath|mux:mux_lui            ; work         ;
;    |mux:mux_slt|            ; 86 (86)           ; 0 (0)        ; 0           ; 0            ; 0       ; 0         ; 0    ; 0            ; |datapath|mux:mux_slt            ; work         ;
;    |regFile:regfile|        ; 1413 (1413)       ; 1024 (1024)  ; 0           ; 0            ; 0       ; 0         ; 0    ; 0            ; |datapath|regFile:regfile        ; work         ;
+-----------------------------+-------------------+--------------+-------------+--------------+---------+-----------+------+--------------+----------------------------------+--------------+
Note: For table entries with two numbers listed, the numbers in parentheses indicate the number of resources of the given type used by the specific entity alone. The numbers listed outside of parentheses indicate the total resources of the given type used by the specific entity and all of its sub-entities in the hierarchy.


+----------------------------------------------------------------------------------------------------+
; User-Specified and Inferred Latches                                                                ;
+-----------------------------------------------------+---------------------+------------------------+
; Latch Name                                          ; Latch Enable Signal ; Free of Timing Hazards ;
+-----------------------------------------------------+---------------------+------------------------+
; dataMemory:dmem|readData[11]                        ; memRead             ; yes                    ;
; dataMemory:dmem|readData[10]                        ; memRead             ; yes                    ;
; dataMemory:dmem|readData[9]                         ; memRead             ; yes                    ;
; dataMemory:dmem|readData[8]                         ; memRead             ; yes                    ;
; dataMemory:dmem|readData[7]                         ; memRead             ; yes                    ;
; dataMemory:dmem|readData[6]                         ; memRead             ; yes                    ;
; dataMemory:dmem|readData[5]                         ; memRead             ; yes                    ;
; dataMemory:dmem|readData[4]                         ; memRead             ; yes                    ;
; dataMemory:dmem|readData[3]                         ; memRead             ; yes                    ;
; dataMemory:dmem|readData[2]                         ; memRead             ; yes                    ;
; dataMemory:dmem|readData[1]                         ; memRead             ; yes                    ;
; dataMemory:dmem|readData[0]                         ; memRead             ; yes                    ;
; dataMemory:dmem|readData[12]                        ; memRead             ; yes                    ;
; dataMemory:dmem|readData[13]                        ; memRead             ; yes                    ;
; dataMemory:dmem|readData[16]                        ; memRead             ; yes                    ;
; dataMemory:dmem|readData[15]                        ; memRead             ; yes                    ;
; dataMemory:dmem|readData[14]                        ; memRead             ; yes                    ;
; dataMemory:dmem|readData[17]                        ; memRead             ; yes                    ;
; dataMemory:dmem|readData[18]                        ; memRead             ; yes                    ;
; dataMemory:dmem|readData[19]                        ; memRead             ; yes                    ;
; dataMemory:dmem|readData[20]                        ; memRead             ; yes                    ;
; dataMemory:dmem|readData[21]                        ; memRead             ; yes                    ;
; dataMemory:dmem|readData[22]                        ; memRead             ; yes                    ;
; dataMemory:dmem|readData[23]                        ; memRead             ; yes                    ;
; dataMemory:dmem|readData[24]                        ; memRead             ; yes                    ;
; dataMemory:dmem|readData[25]                        ; memRead             ; yes                    ;
; dataMemory:dmem|readData[26]                        ; memRead             ; yes                    ;
; dataMemory:dmem|readData[28]                        ; memRead             ; yes                    ;
; dataMemory:dmem|readData[27]                        ; memRead             ; yes                    ;
; dataMemory:dmem|readData[29]                        ; memRead             ; yes                    ;
; dataMemory:dmem|readData[30]                        ; memRead             ; yes                    ;
; dataMemory:dmem|readData[31]                        ; memRead             ; yes                    ;
; Number of user-specified and inferred latches = 32  ;                     ;                        ;
+-----------------------------------------------------+---------------------+------------------------+
Note: All latches listed above may not be present at the end of synthesis due to various synthesis optimizations.


+--------------------------------------------------------------------------------+
; Registers Removed During Synthesis                                             ;
+---------------------------------------+----------------------------------------+
; Register name                         ; Reason for Removal                     ;
+---------------------------------------+----------------------------------------+
; FFD_resettable:pcreg|register[0]      ; Stuck at GND due to stuck port data_in ;
; Total Number of Removed Registers = 1 ;                                        ;
+---------------------------------------+----------------------------------------+


+------------------------------------------------------+
; General Register Statistics                          ;
+----------------------------------------------+-------+
; Statistic                                    ; Value ;
+----------------------------------------------+-------+
; Total registers                              ; 3103  ;
; Number of registers using Synchronous Clear  ; 31    ;
; Number of registers using Synchronous Load   ; 31    ;
; Number of registers using Asynchronous Clear ; 0     ;
; Number of registers using Asynchronous Load  ; 0     ;
; Number of registers using Clock Enable       ; 3072  ;
; Number of registers using Preset             ; 0     ;
+----------------------------------------------+-------+


+-----------------------------------------------------------------------------------------------------------------------------------------------------------+
; Multiplexer Restructuring Statistics (Restructuring Performed)                                                                                            ;
+--------------------+-----------+---------------+----------------------+------------------------+------------+---------------------------------------------+
; Multiplexer Inputs ; Bus Width ; Baseline Area ; Area if Restructured ; Saving if Restructured ; Registered ; Example Multiplexer Output                  ;
+--------------------+-----------+---------------+----------------------+------------------------+------------+---------------------------------------------+
; 3:1                ; 30 bits   ; 60 LEs        ; 60 LEs               ; 0 LEs                  ; Yes        ; |datapath|FFD_resettable:pcreg|register[30] ;
; 3:1                ; 5 bits    ; 10 LEs        ; 5 LEs                ; 5 LEs                  ; No         ; |datapath|immGenerator:immGen|Selector18    ;
; 3:1                ; 8 bits    ; 16 LEs        ; 8 LEs                ; 8 LEs                  ; No         ; |datapath|immGenerator:immGen|Selector18    ;
; 16:1               ; 32 bits   ; 320 LEs       ; 128 LEs              ; 192 LEs                ; No         ; |datapath|alu:alu|Mux20                     ;
; 5:1                ; 11 bits   ; 33 LEs        ; 22 LEs               ; 11 LEs                 ; No         ; |datapath|mux:mux_slt|out[9]                ;
; 5:1                ; 20 bits   ; 60 LEs        ; 60 LEs               ; 0 LEs                  ; No         ; |datapath|mux:mux_slt|out[28]               ;
; 9:1                ; 5 bits    ; 30 LEs        ; 20 LEs               ; 10 LEs                 ; No         ; |datapath|immGenerator:immGen|Selector13    ;
; 7:1                ; 9 bits    ; 36 LEs        ; 27 LEs               ; 9 LEs                  ; No         ; |datapath|immGenerator:immGen|Selector7     ;
; 12:1               ; 5 bits    ; 40 LEs        ; 25 LEs               ; 15 LEs                 ; No         ; |datapath|immGenerator:immGen|Selector17    ;
+--------------------+-----------+---------------+----------------------+------------------------+------------+---------------------------------------------+


+--------------------------------------------------------------------------------------------------------------------------------+
; Parameter Settings for User Entity Instance: Top-level Entity: |datapath                                                       ;
+----------------+----------------------------------------------------------------------------------------------+----------------+
; Parameter Name ; Value                                                                                        ; Type           ;
+----------------+----------------------------------------------------------------------------------------------+----------------+
; ADDR_WIDTH     ; 32                                                                                           ; Signed Integer ;
; DATA_WIDTH     ; 32                                                                                           ; Signed Integer ;
; PATH_IMEM      ; D:/University/Thiet_Ke_He_Thong_So_Voi_HDL/Final_Project/Risc_V_Verilog/testcase/iMem.bin    ; String         ;
; PATH_REGFILE   ; D:/University/Thiet_Ke_He_Thong_So_Voi_HDL/Final_Project/Risc_V_Verilog/testcase/regFile.bin ; String         ;
; PATH_DMEM      ; D:/University/Thiet_Ke_He_Thong_So_Voi_HDL/Final_Project/Risc_V_Verilog/testcase/dMem.bin    ; String         ;
+----------------+----------------------------------------------------------------------------------------------+----------------+
Note: In order to hide this table in the UI and the text report file, please set the "Show Parameter Settings in Synthesis Report" option in "Analysis and Synthesis Settings -> More Settings" to "Off".


+-------------------------------------------------------------------+
; Parameter Settings for User Entity Instance: FFD_resettable:pcreg ;
+----------------+-------+------------------------------------------+
; Parameter Name ; Value ; Type                                     ;
+----------------+-------+------------------------------------------+
; WIDTH          ; 32    ; Signed Integer                           ;
+----------------+-------+------------------------------------------+
Note: In order to hide this table in the UI and the text report file, please set the "Show Parameter Settings in Synthesis Report" option in "Analysis and Synthesis Settings -> More Settings" to "Off".


+-----------------------------------------------------------------------------------------------------------------------------+
; Parameter Settings for User Entity Instance: instructionMemory:imem                                                         ;
+----------------+-------------------------------------------------------------------------------------------+----------------+
; Parameter Name ; Value                                                                                     ; Type           ;
+----------------+-------------------------------------------------------------------------------------------+----------------+
; DATA_WIDTH     ; 32                                                                                        ; Signed Integer ;
; ADDR_WIDTH     ; 6                                                                                         ; Signed Integer ;
; PATH           ; D:/University/Thiet_Ke_He_Thong_So_Voi_HDL/Final_Project/Risc_V_Verilog/testcase/iMem.bin ; String         ;
+----------------+-------------------------------------------------------------------------------------------+----------------+
Note: In order to hide this table in the UI and the text report file, please set the "Show Parameter Settings in Synthesis Report" option in "Analysis and Synthesis Settings -> More Settings" to "Off".


+--------------------------------------------------------------------------------------------------------------------------------+
; Parameter Settings for User Entity Instance: regFile:regfile                                                                   ;
+----------------+----------------------------------------------------------------------------------------------+----------------+
; Parameter Name ; Value                                                                                        ; Type           ;
+----------------+----------------------------------------------------------------------------------------------+----------------+
; DATA_WIDTH     ; 32                                                                                           ; Signed Integer ;
; ADDR_WIDTH     ; 5                                                                                            ; Signed Integer ;
; PATH           ; D:/University/Thiet_Ke_He_Thong_So_Voi_HDL/Final_Project/Risc_V_Verilog/testcase/regFile.bin ; String         ;
+----------------+----------------------------------------------------------------------------------------------+----------------+
Note: In order to hide this table in the UI and the text report file, please set the "Show Parameter Settings in Synthesis Report" option in "Analysis and Synthesis Settings -> More Settings" to "Off".


+------------------------------------------------------+
; Parameter Settings for User Entity Instance: alu:alu ;
+----------------+-------+-----------------------------+
; Parameter Name ; Value ; Type                        ;
+----------------+-------+-----------------------------+
; DATA_WIDTH     ; 32    ; Signed Integer              ;
+----------------+-------+-----------------------------+
Note: In order to hide this table in the UI and the text report file, please set the "Show Parameter Settings in Synthesis Report" option in "Analysis and Synthesis Settings -> More Settings" to "Off".


+-----------------------------------------------------------------------------------------------------------------------------+
; Parameter Settings for User Entity Instance: dataMemory:dmem                                                                ;
+----------------+-------------------------------------------------------------------------------------------+----------------+
; Parameter Name ; Value                                                                                     ; Type           ;
+----------------+-------------------------------------------------------------------------------------------+----------------+
; DATA_WIDTH     ; 32                                                                                        ; Signed Integer ;
; ADDR_WIDTH     ; 6                                                                                         ; Signed Integer ;
; PATH           ; D:/University/Thiet_Ke_He_Thong_So_Voi_HDL/Final_Project/Risc_V_Verilog/testcase/dMem.bin ; String         ;
+----------------+-------------------------------------------------------------------------------------------+----------------+
Note: In order to hide this table in the UI and the text report file, please set the "Show Parameter Settings in Synthesis Report" option in "Analysis and Synthesis Settings -> More Settings" to "Off".


+---------------------------------------------------------------------+
; Parameter Settings for User Entity Instance: shiftLeft:shiftLeft_12 ;
+----------------+-------+--------------------------------------------+
; Parameter Name ; Value ; Type                                       ;
+----------------+-------+--------------------------------------------+
; DATA_WIDTH     ; 32    ; Signed Integer                             ;
+----------------+-------+--------------------------------------------+
Note: In order to hide this table in the UI and the text report file, please set the "Show Parameter Settings in Synthesis Report" option in "Analysis and Synthesis Settings -> More Settings" to "Off".


+--------------------------------------------------------------------+
; Parameter Settings for User Entity Instance: shiftLeft:shiftLeft_1 ;
+----------------+-------+-------------------------------------------+
; Parameter Name ; Value ; Type                                      ;
+----------------+-------+-------------------------------------------+
; DATA_WIDTH     ; 32    ; Signed Integer                            ;
+----------------+-------+-------------------------------------------+
Note: In order to hide this table in the UI and the text report file, please set the "Show Parameter Settings in Synthesis Report" option in "Analysis and Synthesis Settings -> More Settings" to "Off".


+---------------------------------------------------------------+
; Parameter Settings for User Entity Instance: mux:mux_memToReg ;
+----------------+-------+--------------------------------------+
; Parameter Name ; Value ; Type                                 ;
+----------------+-------+--------------------------------------+
; DATA_WIDTH     ; 32    ; Signed Integer                       ;
+----------------+-------+--------------------------------------+
Note: In order to hide this table in the UI and the text report file, please set the "Show Parameter Settings in Synthesis Report" option in "Analysis and Synthesis Settings -> More Settings" to "Off".


+----------------------------------------------------------+
; Parameter Settings for User Entity Instance: mux:mux_jal ;
+----------------+-------+---------------------------------+
; Parameter Name ; Value ; Type                            ;
+----------------+-------+---------------------------------+
; DATA_WIDTH     ; 32    ; Signed Integer                  ;
+----------------+-------+---------------------------------+
Note: In order to hide this table in the UI and the text report file, please set the "Show Parameter Settings in Synthesis Report" option in "Analysis and Synthesis Settings -> More Settings" to "Off".


+----------------------------------------------------------+
; Parameter Settings for User Entity Instance: mux:mux_lui ;
+----------------+-------+---------------------------------+
; Parameter Name ; Value ; Type                            ;
+----------------+-------+---------------------------------+
; DATA_WIDTH     ; 32    ; Signed Integer                  ;
+----------------+-------+---------------------------------+
Note: In order to hide this table in the UI and the text report file, please set the "Show Parameter Settings in Synthesis Report" option in "Analysis and Synthesis Settings -> More Settings" to "Off".


+----------------------------------------------------------+
; Parameter Settings for User Entity Instance: mux:mux_slt ;
+----------------+-------+---------------------------------+
; Parameter Name ; Value ; Type                            ;
+----------------+-------+---------------------------------+
; DATA_WIDTH     ; 32    ; Signed Integer                  ;
+----------------+-------+---------------------------------+
Note: In order to hide this table in the UI and the text report file, please set the "Show Parameter Settings in Synthesis Report" option in "Analysis and Synthesis Settings -> More Settings" to "Off".


+--------------------------------------------------------------+
; Parameter Settings for User Entity Instance: mux:mux_signBit ;
+----------------+-------+-------------------------------------+
; Parameter Name ; Value ; Type                                ;
+----------------+-------+-------------------------------------+
; DATA_WIDTH     ; 32    ; Signed Integer                      ;
+----------------+-------+-------------------------------------+
Note: In order to hide this table in the UI and the text report file, please set the "Show Parameter Settings in Synthesis Report" option in "Analysis and Synthesis Settings -> More Settings" to "Off".


+--------------------------------------------------------------+
; Parameter Settings for User Entity Instance: mux:mux_aluSrcB ;
+----------------+-------+-------------------------------------+
; Parameter Name ; Value ; Type                                ;
+----------------+-------+-------------------------------------+
; DATA_WIDTH     ; 32    ; Signed Integer                      ;
+----------------+-------+-------------------------------------+
Note: In order to hide this table in the UI and the text report file, please set the "Show Parameter Settings in Synthesis Report" option in "Analysis and Synthesis Settings -> More Settings" to "Off".


+-------------------------------------------------------------+
; Parameter Settings for User Entity Instance: mux:mux_pcNext ;
+----------------+-------+------------------------------------+
; Parameter Name ; Value ; Type                               ;
+----------------+-------+------------------------------------+
; DATA_WIDTH     ; 32    ; Signed Integer                     ;
+----------------+-------+------------------------------------+
Note: In order to hide this table in the UI and the text report file, please set the "Show Parameter Settings in Synthesis Report" option in "Analysis and Synthesis Settings -> More Settings" to "Off".


+-----------------------------------------------------------+
; Parameter Settings for User Entity Instance: adder:adder4 ;
+----------------+-------+----------------------------------+
; Parameter Name ; Value ; Type                             ;
+----------------+-------+----------------------------------+
; DATA_WIDTH     ; 32    ; Signed Integer                   ;
+----------------+-------+----------------------------------+
Note: In order to hide this table in the UI and the text report file, please set the "Show Parameter Settings in Synthesis Report" option in "Analysis and Synthesis Settings -> More Settings" to "Off".


+--------------------------------------------------------------------+
; Parameter Settings for User Entity Instance: adder:adderShiftLeft1 ;
+----------------+-------+-------------------------------------------+
; Parameter Name ; Value ; Type                                      ;
+----------------+-------+-------------------------------------------+
; DATA_WIDTH     ; 32    ; Signed Integer                            ;
+----------------+-------+-------------------------------------------+
Note: In order to hide this table in the UI and the text report file, please set the "Show Parameter Settings in Synthesis Report" option in "Analysis and Synthesis Settings -> More Settings" to "Off".


+--------------------------------------------+
; Port Connectivity Checks: "adder:adder4"   ;
+----------+-------+----------+--------------+
; Port     ; Type  ; Severity ; Details      ;
+----------+-------+----------+--------------+
; b[31..3] ; Input ; Info     ; Stuck at GND ;
; b[1..0]  ; Input ; Info     ; Stuck at GND ;
; b[2]     ; Input ; Info     ; Stuck at VCC ;
+----------+-------+----------+--------------+


+---------------------------------------------+
; Port Connectivity Checks: "mux:mux_signBit" ;
+----------+-------+----------+---------------+
; Port     ; Type  ; Severity ; Details       ;
+----------+-------+----------+---------------+
; a        ; Input ; Info     ; Stuck at GND  ;
; b[31..1] ; Input ; Info     ; Stuck at GND  ;
; b[0]     ; Input ; Info     ; Stuck at VCC  ;
+----------+-------+----------+---------------+


+---------------------------------------------------+
; Port Connectivity Checks: "shiftLeft:shiftLeft_1" ;
+----------+-------+----------+---------------------+
; Port     ; Type  ; Severity ; Details             ;
+----------+-------+----------+---------------------+
; b[31..1] ; Input ; Info     ; Stuck at GND        ;
; b[0]     ; Input ; Info     ; Stuck at VCC        ;
+----------+-------+----------+---------------------+


+----------------------------------------------------+
; Port Connectivity Checks: "shiftLeft:shiftLeft_12" ;
+----------+-------+----------+----------------------+
; Port     ; Type  ; Severity ; Details              ;
+----------+-------+----------+----------------------+
; b[3..2]  ; Input ; Info     ; Stuck at VCC         ;
; b[31..4] ; Input ; Info     ; Stuck at GND         ;
; b[1..0]  ; Input ; Info     ; Stuck at GND         ;
+----------+-------+----------+----------------------+


+----------------------------------------------------------------------------------------------------------------------------------------------------------------------------------------------------------------+
; Port Connectivity Checks: "dataMemory:dmem"                                                                                                                                                                    ;
+---------+-------+----------+-----------------------------------------------------------------------------------------------------------------------------------------------------------------------------------+
; Port    ; Type  ; Severity ; Details                                                                                                                                                                           ;
+---------+-------+----------+-----------------------------------------------------------------------------------------------------------------------------------------------------------------------------------+
; address ; Input ; Warning  ; Input port expression (10 bits) is wider than the input port (6 bits) it drives.  The 4 most-significant bit(s) in the expression will be dangling if they have no other fanouts. ;
+---------+-------+----------+-----------------------------------------------------------------------------------------------------------------------------------------------------------------------------------+


+--------------------------------------------------------------------------------------------------------------------------------------------------------------------------------------------------------------------+
; Port Connectivity Checks: "instructionMemory:imem"                                                                                                                                                                 ;
+-------------+-------+----------+-----------------------------------------------------------------------------------------------------------------------------------------------------------------------------------+
; Port        ; Type  ; Severity ; Details                                                                                                                                                                           ;
+-------------+-------+----------+-----------------------------------------------------------------------------------------------------------------------------------------------------------------------------------+
; readAddress ; Input ; Warning  ; Input port expression (10 bits) is wider than the input port (6 bits) it drives.  The 4 most-significant bit(s) in the expression will be dangling if they have no other fanouts. ;
+-------------+-------+----------+-----------------------------------------------------------------------------------------------------------------------------------------------------------------------------------+


+-------------------------------+
; Elapsed Time Per Partition    ;
+----------------+--------------+
; Partition Name ; Elapsed Time ;
+----------------+--------------+
; Top            ; 00:00:07     ;
+----------------+--------------+


+-------------------------------+
; Analysis & Synthesis Messages ;
+-------------------------------+
Info: *******************************************************************
Info: Running Quartus II 64-Bit Analysis & Synthesis
    Info: Version 13.0.1 Build 232 06/12/2013 Service Pack 1 SJ Web Edition
    Info: Processing started: Wed Dec 20 15:03:26 2023
Info: Command: quartus_map --read_settings_files=on --write_settings_files=off RISC_V -c RISC_V
Warning (20028): Parallel compilation is not licensed and has been disabled
Info (12021): Found 1 design units, including 1 entities, in source file instructionmemory.v
    Info (12023): Found entity 1: instructionMemory
Info (12021): Found 1 design units, including 1 entities, in source file datamemory.v
    Info (12023): Found entity 1: dataMemory
Info (12021): Found 1 design units, including 1 entities, in source file regfile.v
    Info (12023): Found entity 1: regFile
Warning (12090): Entity "mux" obtained from "mux.v" instead of from Quartus II megafunction library
Info (12021): Found 1 design units, including 1 entities, in source file mux.v
    Info (12023): Found entity 1: mux
Info (12021): Found 1 design units, including 1 entities, in source file alu.v
    Info (12023): Found entity 1: alu
Info (12021): Found 1 design units, including 1 entities, in source file adder.v
    Info (12023): Found entity 1: adder
Info (12021): Found 1 design units, including 1 entities, in source file shiftleft.v
    Info (12023): Found entity 1: shiftLeft
Info (12021): Found 1 design units, including 1 entities, in source file immgenerator.v
    Info (12023): Found entity 1: immGenerator
Info (12021): Found 1 design units, including 1 entities, in source file controller.v
    Info (12023): Found entity 1: controller
Info (12021): Found 1 design units, including 1 entities, in source file alucontrol.v
    Info (12023): Found entity 1: aluControl
Info (12021): Found 1 design units, including 1 entities, in source file branchcontrol.v
    Info (12023): Found entity 1: branchControl
Info (12021): Found 1 design units, including 1 entities, in source file ffd_resettable.v
    Info (12023): Found entity 1: FFD_resettable
Info (12021): Found 1 design units, including 1 entities, in source file datapath.v
    Info (12023): Found entity 1: datapath
Info (12021): Found 1 design units, including 1 entities, in source file control.v
    Info (12023): Found entity 1: control
Info (12021): Found 1 design units, including 1 entities, in source file risc_v.v
    Info (12023): Found entity 1: RISC_V
Info (12021): Found 1 design units, including 1 entities, in source file risc_v_testbench1.v
    Info (12023): Found entity 1: risc_v_testbench1
Info (12021): Found 1 design units, including 1 entities, in source file risc_v_testbench2.v
    Info (12023): Found entity 1: risc_v_testbench2
Info (12127): Elaborating entity "datapath" for the top level hierarchy
Info (12128): Elaborating entity "FFD_resettable" for hierarchy "FFD_resettable:pcreg"
Info (12128): Elaborating entity "instructionMemory" for hierarchy "instructionMemory:imem"
Warning (10850): Verilog HDL warning at instructionMemory.v(30): number of words (25) in memory file does not match the number of elements in the address range [0:63]
Warning (10030): Net "imem.data_a" at instructionMemory.v(16) has no driver or initial value, using a default initial value '0'
Warning (10030): Net "imem.waddr_a" at instructionMemory.v(16) has no driver or initial value, using a default initial value '0'
Warning (10030): Net "imem.we_a" at instructionMemory.v(16) has no driver or initial value, using a default initial value '0'
Info (12128): Elaborating entity "regFile" for hierarchy "regFile:regfile"
Warning (10175): Verilog HDL warning at regFile.v(43): ignoring unsupported system task
Info (12128): Elaborating entity "alu" for hierarchy "alu:alu"
Info (12128): Elaborating entity "dataMemory" for hierarchy "dataMemory:dmem"
Warning (10175): Verilog HDL warning at dataMemory.v(43): ignoring unsupported system task
Warning (10240): Verilog HDL Always Construct warning at dataMemory.v(48): inferring latch(es) for variable "readData", which holds its previous value in one or more paths through the always construct
Info (10041): Inferred latch for "readData[0]" at dataMemory.v(48)
Info (10041): Inferred latch for "readData[1]" at dataMemory.v(48)
Info (10041): Inferred latch for "readData[2]" at dataMemory.v(48)
Info (10041): Inferred latch for "readData[3]" at dataMemory.v(48)
Info (10041): Inferred latch for "readData[4]" at dataMemory.v(48)
Info (10041): Inferred latch for "readData[5]" at dataMemory.v(48)
Info (10041): Inferred latch for "readData[6]" at dataMemory.v(48)
Info (10041): Inferred latch for "readData[7]" at dataMemory.v(48)
Info (10041): Inferred latch for "readData[8]" at dataMemory.v(48)
Info (10041): Inferred latch for "readData[9]" at dataMemory.v(48)
Info (10041): Inferred latch for "readData[10]" at dataMemory.v(48)
Info (10041): Inferred latch for "readData[11]" at dataMemory.v(48)
Info (10041): Inferred latch for "readData[12]" at dataMemory.v(48)
Info (10041): Inferred latch for "readData[13]" at dataMemory.v(48)
Info (10041): Inferred latch for "readData[14]" at dataMemory.v(48)
Info (10041): Inferred latch for "readData[15]" at dataMemory.v(48)
Info (10041): Inferred latch for "readData[16]" at dataMemory.v(48)
Info (10041): Inferred latch for "readData[17]" at dataMemory.v(48)
Info (10041): Inferred latch for "readData[18]" at dataMemory.v(48)
Info (10041): Inferred latch for "readData[19]" at dataMemory.v(48)
Info (10041): Inferred latch for "readData[20]" at dataMemory.v(48)
Info (10041): Inferred latch for "readData[21]" at dataMemory.v(48)
Info (10041): Inferred latch for "readData[22]" at dataMemory.v(48)
Info (10041): Inferred latch for "readData[23]" at dataMemory.v(48)
Info (10041): Inferred latch for "readData[24]" at dataMemory.v(48)
Info (10041): Inferred latch for "readData[25]" at dataMemory.v(48)
Info (10041): Inferred latch for "readData[26]" at dataMemory.v(48)
Info (10041): Inferred latch for "readData[27]" at dataMemory.v(48)
Info (10041): Inferred latch for "readData[28]" at dataMemory.v(48)
Info (10041): Inferred latch for "readData[29]" at dataMemory.v(48)
Info (10041): Inferred latch for "readData[30]" at dataMemory.v(48)
Info (10041): Inferred latch for "readData[31]" at dataMemory.v(48)
Info (12128): Elaborating entity "immGenerator" for hierarchy "immGenerator:immGen"
Info (12128): Elaborating entity "shiftLeft" for hierarchy "shiftLeft:shiftLeft_12"
Info (12128): Elaborating entity "mux" for hierarchy "mux:mux_memToReg"
Info (12128): Elaborating entity "adder" for hierarchy "adder:adder4"
Info (276014): Found 2 instances of uninferred RAM logic
    Info (276007): RAM logic "regFile:regfile|regfile" is uninferred due to asynchronous read logic
    Info (276007): RAM logic "dataMemory:dmem|dmem" is uninferred due to asynchronous read logic
Warning (127007): Memory Initialization File or Hexadecimal (Intel-Format) File "D:/University/Thiet_Ke_He_Thong_So_Voi_HDL/Final_Project/Risc_V_Verilog/db/RISC_V.ram0_instructionMemory_b2c1f6d.hdl.mif" contains "don't care" values -- overwriting them with 0s
Warning (12241): 2 hierarchies have connectivity warnings - see the Connectivity Checks report folder
Info (144001): Generated suppressed messages file D:/University/Thiet_Ke_He_Thong_So_Voi_HDL/Final_Project/Risc_V_Verilog/output_files/RISC_V.map.smsg
Info (16010): Generating hard_block partition "hard_block:auto_generated_inst"
    Info (16011): Adding 0 node(s), including 0 DDIO, 0 PLL, 0 transceiver and 0 LCELL
Info (21057): Implemented 6470 device resources after synthesis - the final resource count might be different
    Info (21058): Implemented 15 input pins
    Info (21059): Implemented 18 output pins
    Info (21061): Implemented 6437 logic cells
Info: Quartus II 64-Bit Analysis & Synthesis was successful. 0 errors, 11 warnings
    Info: Peak virtual memory: 4632 megabytes
    Info: Processing ended: Wed Dec 20 15:03:37 2023
    Info: Elapsed time: 00:00:11
    Info: Total CPU time (on all processors): 00:00:10


+------------------------------------------+
; Analysis & Synthesis Suppressed Messages ;
+------------------------------------------+
The suppressed messages can be found in D:/University/Thiet_Ke_He_Thong_So_Voi_HDL/Final_Project/Risc_V_Verilog/output_files/RISC_V.map.smsg.


