Analysis & Synthesis report for LAB5
Mon Dec 04 22:41:14 2023
Quartus II 64-Bit Version 13.0.1 Build 232 06/12/2013 Service Pack 1 SJ Web Edition


---------------------
; Table of Contents ;
---------------------
  1. Legal Notice
  2. Analysis & Synthesis Summary
  3. Analysis & Synthesis Settings
  4. Parallel Compilation
  5. Analysis & Synthesis Source Files Read
  6. Analysis & Synthesis Resource Usage Summary
  7. Analysis & Synthesis Resource Utilization by Entity
  8. General Register Statistics
  9. Multiplexer Restructuring Statistics (Restructuring Performed)
 10. Parameter Settings for User Entity Instance: mux:mux_regDst
 11. Parameter Settings for User Entity Instance: mux:mux_aluSrc
 12. Parameter Settings for User Entity Instance: DataMemory:dmem
 13. Parameter Settings for User Entity Instance: mux:mux_memToReg
 14. Port Connectivity Checks: "DataMemory:dmem"
 15. Elapsed Time Per Partition
 16. Analysis & Synthesis Messages
 17. Analysis & Synthesis Suppressed Messages



----------------
; Legal Notice ;
----------------
Copyright (C) 1991-2013 Altera Corporation
Your use of Altera Corporation's design tools, logic functions 
and other software and tools, and its AMPP partner logic 
functions, and any output files from any of the foregoing 
(including device programming or simulation files), and any 
associated documentation or information are expressly subject 
to the terms and conditions of the Altera Program License 
Subscription Agreement, Altera MegaCore Function License 
Agreement, or other applicable license agreement, including, 
without limitation, that your use is for the sole purpose of 
programming logic devices manufactured by Altera and sold by 
Altera or its authorized distributors.  Please refer to the 
applicable agreement for further details.



+--------------------------------------------------------------------------------------+
; Analysis & Synthesis Summary                                                         ;
+------------------------------------+-------------------------------------------------+
; Analysis & Synthesis Status        ; Successful - Mon Dec 04 22:41:14 2023           ;
; Quartus II 64-Bit Version          ; 13.0.1 Build 232 06/12/2013 SP 1 SJ Web Edition ;
; Revision Name                      ; LAB5                                            ;
; Top-level Entity Name              ; datapath                                        ;
; Family                             ; Cyclone II                                      ;
; Total logic elements               ; 4,319                                           ;
;     Total combinational functions  ; 2,335                                           ;
;     Dedicated logic registers      ; 2,048                                           ;
; Total registers                    ; 2048                                            ;
; Total pins                         ; 43                                              ;
; Total virtual pins                 ; 0                                               ;
; Total memory bits                  ; 0                                               ;
; Embedded Multiplier 9-bit elements ; 0                                               ;
; Total PLLs                         ; 0                                               ;
+------------------------------------+-------------------------------------------------+


+----------------------------------------------------------------------------------------------------------------------+
; Analysis & Synthesis Settings                                                                                        ;
+----------------------------------------------------------------------------+--------------------+--------------------+
; Option                                                                     ; Setting            ; Default Value      ;
+----------------------------------------------------------------------------+--------------------+--------------------+
; Device                                                                     ; EP2C35F672C6       ;                    ;
; Top-level entity name                                                      ; datapath           ; LAB5               ;
; Family name                                                                ; Cyclone II         ; Cyclone IV GX      ;
; Use smart compilation                                                      ; Off                ; Off                ;
; Enable parallel Assembler and TimeQuest Timing Analyzer during compilation ; On                 ; On                 ;
; Enable compact report table                                                ; Off                ; Off                ;
; Restructure Multiplexers                                                   ; Auto               ; Auto               ;
; Create Debugging Nodes for IP Cores                                        ; Off                ; Off                ;
; Preserve fewer node names                                                  ; On                 ; On                 ;
; Disable OpenCore Plus hardware evaluation                                  ; Off                ; Off                ;
; Verilog Version                                                            ; Verilog_2001       ; Verilog_2001       ;
; VHDL Version                                                               ; VHDL_1993          ; VHDL_1993          ;
; State Machine Processing                                                   ; Auto               ; Auto               ;
; Safe State Machine                                                         ; Off                ; Off                ;
; Extract Verilog State Machines                                             ; On                 ; On                 ;
; Extract VHDL State Machines                                                ; On                 ; On                 ;
; Ignore Verilog initial constructs                                          ; Off                ; Off                ;
; Iteration limit for constant Verilog loops                                 ; 5000               ; 5000               ;
; Iteration limit for non-constant Verilog loops                             ; 250                ; 250                ;
; Add Pass-Through Logic to Inferred RAMs                                    ; On                 ; On                 ;
; Infer RAMs from Raw Logic                                                  ; On                 ; On                 ;
; Parallel Synthesis                                                         ; On                 ; On                 ;
; DSP Block Balancing                                                        ; Auto               ; Auto               ;
; NOT Gate Push-Back                                                         ; On                 ; On                 ;
; Power-Up Don't Care                                                        ; On                 ; On                 ;
; Remove Redundant Logic Cells                                               ; Off                ; Off                ;
; Remove Duplicate Registers                                                 ; On                 ; On                 ;
; Ignore CARRY Buffers                                                       ; Off                ; Off                ;
; Ignore CASCADE Buffers                                                     ; Off                ; Off                ;
; Ignore GLOBAL Buffers                                                      ; Off                ; Off                ;
; Ignore ROW GLOBAL Buffers                                                  ; Off                ; Off                ;
; Ignore LCELL Buffers                                                       ; Off                ; Off                ;
; Ignore SOFT Buffers                                                        ; On                 ; On                 ;
; Limit AHDL Integers to 32 Bits                                             ; Off                ; Off                ;
; Optimization Technique                                                     ; Balanced           ; Balanced           ;
; Carry Chain Length                                                         ; 70                 ; 70                 ;
; Auto Carry Chains                                                          ; On                 ; On                 ;
; Auto Open-Drain Pins                                                       ; On                 ; On                 ;
; Perform WYSIWYG Primitive Resynthesis                                      ; Off                ; Off                ;
; Auto ROM Replacement                                                       ; On                 ; On                 ;
; Auto RAM Replacement                                                       ; On                 ; On                 ;
; Auto Shift Register Replacement                                            ; Auto               ; Auto               ;
; Allow Shift Register Merging across Hierarchies                            ; Auto               ; Auto               ;
; Auto Clock Enable Replacement                                              ; On                 ; On                 ;
; Strict RAM Replacement                                                     ; Off                ; Off                ;
; Allow Synchronous Control Signals                                          ; On                 ; On                 ;
; Force Use of Synchronous Clear Signals                                     ; Off                ; Off                ;
; Auto RAM to Logic Cell Conversion                                          ; Off                ; Off                ;
; Auto Resource Sharing                                                      ; Off                ; Off                ;
; Allow Any RAM Size For Recognition                                         ; Off                ; Off                ;
; Allow Any ROM Size For Recognition                                         ; Off                ; Off                ;
; Allow Any Shift Register Size For Recognition                              ; Off                ; Off                ;
; Use LogicLock Constraints during Resource Balancing                        ; On                 ; On                 ;
; Ignore translate_off and synthesis_off directives                          ; Off                ; Off                ;
; Timing-Driven Synthesis                                                    ; Off                ; Off                ;
; Report Parameter Settings                                                  ; On                 ; On                 ;
; Report Source Assignments                                                  ; On                 ; On                 ;
; Report Connectivity Checks                                                 ; On                 ; On                 ;
; Ignore Maximum Fan-Out Assignments                                         ; Off                ; Off                ;
; Synchronization Register Chain Length                                      ; 2                  ; 2                  ;
; PowerPlay Power Optimization                                               ; Normal compilation ; Normal compilation ;
; HDL message level                                                          ; Level2             ; Level2             ;
; Suppress Register Optimization Related Messages                            ; Off                ; Off                ;
; Number of Removed Registers Reported in Synthesis Report                   ; 5000               ; 5000               ;
; Number of Swept Nodes Reported in Synthesis Report                         ; 5000               ; 5000               ;
; Number of Inverted Registers Reported in Synthesis Report                  ; 100                ; 100                ;
; Clock MUX Protection                                                       ; On                 ; On                 ;
; Auto Gated Clock Conversion                                                ; Off                ; Off                ;
; Block Design Naming                                                        ; Auto               ; Auto               ;
; SDC constraint protection                                                  ; Off                ; Off                ;
; Synthesis Effort                                                           ; Auto               ; Auto               ;
; Shift Register Replacement - Allow Asynchronous Clear Signal               ; On                 ; On                 ;
; Pre-Mapping Resynthesis Optimization                                       ; Off                ; Off                ;
; Analysis & Synthesis Message Level                                         ; Medium             ; Medium             ;
; Disable Register Merging Across Hierarchies                                ; Auto               ; Auto               ;
; Resource Aware Inference For Block RAM                                     ; On                 ; On                 ;
; Synthesis Seed                                                             ; 1                  ; 1                  ;
+----------------------------------------------------------------------------+--------------------+--------------------+


Parallel compilation was disabled, but you have multiple processors available. Enable parallel compilation to reduce compilation time.
+-------------------------------------+
; Parallel Compilation                ;
+----------------------------+--------+
; Processors                 ; Number ;
+----------------------------+--------+
; Number detected on machine ; 12     ;
; Maximum allowed            ; 1      ;
+----------------------------+--------+


+-----------------------------------------------------------------------------------------------------------------------------------------------------------+
; Analysis & Synthesis Source Files Read                                                                                                                    ;
+----------------------------------+-----------------+------------------------+-------------------------------------------------------------------+---------+
; File Name with User-Entered Path ; Used in Netlist ; File Type              ; File Name with Absolute Path                                      ; Library ;
+----------------------------------+-----------------+------------------------+-------------------------------------------------------------------+---------+
; ALU_32bits.v                     ; yes             ; User Verilog HDL File  ; D:/University/Thiet_Ke_He_Thong_So_Voi_HDL/TH/LAB5/ALU_32bits.v   ;         ;
; DataMemory.v                     ; yes             ; User Verilog HDL File  ; D:/University/Thiet_Ke_He_Thong_So_Voi_HDL/TH/LAB5/DataMemory.v   ;         ;
; datapath.v                       ; yes             ; User Verilog HDL File  ; D:/University/Thiet_Ke_He_Thong_So_Voi_HDL/TH/LAB5/datapath.v     ;         ;
; mux.v                            ; yes             ; User Verilog HDL File  ; D:/University/Thiet_Ke_He_Thong_So_Voi_HDL/TH/LAB5/mux.v          ;         ;
; RegisterFile.v                   ; yes             ; User Verilog HDL File  ; D:/University/Thiet_Ke_He_Thong_So_Voi_HDL/TH/LAB5/RegisterFile.v ;         ;
; signExtend.v                     ; yes             ; User Verilog HDL File  ; D:/University/Thiet_Ke_He_Thong_So_Voi_HDL/TH/LAB5/signExtend.v   ;         ;
+----------------------------------+-----------------+------------------------+-------------------------------------------------------------------+---------+


+-----------------------------------------------------+
; Analysis & Synthesis Resource Usage Summary         ;
+---------------------------------------------+-------+
; Resource                                    ; Usage ;
+---------------------------------------------+-------+
; Estimated Total logic elements              ; 4,319 ;
;                                             ;       ;
; Total combinational functions               ; 2335  ;
; Logic element usage by number of LUT inputs ;       ;
;     -- 4 input functions                    ; 2044  ;
;     -- 3 input functions                    ; 251   ;
;     -- <=2 input functions                  ; 40    ;
;                                             ;       ;
; Logic elements by mode                      ;       ;
;     -- normal mode                          ; 2303  ;
;     -- arithmetic mode                      ; 32    ;
;                                             ;       ;
; Total registers                             ; 2048  ;
;     -- Dedicated logic registers            ; 2048  ;
;     -- I/O registers                        ; 0     ;
;                                             ;       ;
; I/O pins                                    ; 43    ;
; Embedded Multiplier 9-bit elements          ; 0     ;
; Maximum fan-out node                        ; clock ;
; Maximum fan-out                             ; 2048  ;
; Total fan-out                               ; 15154 ;
; Average fan-out                             ; 3.42  ;
+---------------------------------------------+-------+


+----------------------------------------------------------------------------------------------------------------------------------------------------------------------------------------+
; Analysis & Synthesis Resource Utilization by Entity                                                                                                                                    ;
+----------------------------+-------------------+--------------+-------------+--------------+---------+-----------+------+--------------+--------------------------------+--------------+
; Compilation Hierarchy Node ; LC Combinationals ; LC Registers ; Memory Bits ; DSP Elements ; DSP 9x9 ; DSP 18x18 ; Pins ; Virtual Pins ; Full Hierarchy Name            ; Library Name ;
+----------------------------+-------------------+--------------+-------------+--------------+---------+-----------+------+--------------+--------------------------------+--------------+
; |datapath                  ; 2335 (0)          ; 2048 (0)     ; 0           ; 0            ; 0       ; 0         ; 43   ; 0            ; |datapath                      ; work         ;
;    |ALU_32bits:alu|        ; 139 (139)         ; 0 (0)        ; 0           ; 0            ; 0       ; 0         ; 0    ; 0            ; |datapath|ALU_32bits:alu       ; work         ;
;    |DataMemory:dmem|       ; 687 (687)         ; 1024 (1024)  ; 0           ; 0            ; 0       ; 0         ; 0    ; 0            ; |datapath|DataMemory:dmem      ; work         ;
;    |RegisterFile:regFile|  ; 1394 (1394)       ; 1024 (1024)  ; 0           ; 0            ; 0       ; 0         ; 0    ; 0            ; |datapath|RegisterFile:regFile ; work         ;
;    |mux:mux_aluSrc|        ; 46 (46)           ; 0 (0)        ; 0           ; 0            ; 0       ; 0         ; 0    ; 0            ; |datapath|mux:mux_aluSrc       ; work         ;
;    |mux:mux_memToReg|      ; 65 (65)           ; 0 (0)        ; 0           ; 0            ; 0       ; 0         ; 0    ; 0            ; |datapath|mux:mux_memToReg     ; work         ;
;    |mux:mux_regDst|        ; 4 (4)             ; 0 (0)        ; 0           ; 0            ; 0       ; 0         ; 0    ; 0            ; |datapath|mux:mux_regDst       ; work         ;
+----------------------------+-------------------+--------------+-------------+--------------+---------+-----------+------+--------------+--------------------------------+--------------+
Note: For table entries with two numbers listed, the numbers in parentheses indicate the number of resources of the given type used by the specific entity alone. The numbers listed outside of parentheses indicate the total resources of the given type used by the specific entity and all of its sub-entities in the hierarchy.


+------------------------------------------------------+
; General Register Statistics                          ;
+----------------------------------------------+-------+
; Statistic                                    ; Value ;
+----------------------------------------------+-------+
; Total registers                              ; 2048  ;
; Number of registers using Synchronous Clear  ; 0     ;
; Number of registers using Synchronous Load   ; 0     ;
; Number of registers using Asynchronous Clear ; 0     ;
; Number of registers using Asynchronous Load  ; 0     ;
; Number of registers using Clock Enable       ; 2048  ;
; Number of registers using Preset             ; 0     ;
+----------------------------------------------+-------+


+----------------------------------------------------------------------------------------------------------------------------------------------+
; Multiplexer Restructuring Statistics (Restructuring Performed)                                                                               ;
+--------------------+-----------+---------------+----------------------+------------------------+------------+--------------------------------+
; Multiplexer Inputs ; Bus Width ; Baseline Area ; Area if Restructured ; Saving if Restructured ; Registered ; Example Multiplexer Output     ;
+--------------------+-----------+---------------+----------------------+------------------------+------------+--------------------------------+
; 4:1                ; 32 bits   ; 64 LEs        ; 64 LEs               ; 0 LEs                  ; No         ; |datapath|ALU_32bits:alu|Add0  ;
; 4:1                ; 32 bits   ; 64 LEs        ; 0 LEs                ; 64 LEs                 ; No         ; |datapath|ALU_32bits:alu|Add0  ;
; 8:1                ; 32 bits   ; 160 LEs       ; 96 LEs               ; 64 LEs                 ; No         ; |datapath|ALU_32bits:alu|Mux31 ;
+--------------------+-----------+---------------+----------------------+------------------------+------------+--------------------------------+


+-------------------------------------------------------------+
; Parameter Settings for User Entity Instance: mux:mux_regDst ;
+----------------+-------+------------------------------------+
; Parameter Name ; Value ; Type                               ;
+----------------+-------+------------------------------------+
; DATA_WIDTH     ; 5     ; Signed Integer                     ;
+----------------+-------+------------------------------------+
Note: In order to hide this table in the UI and the text report file, please set the "Show Parameter Settings in Synthesis Report" option in "Analysis and Synthesis Settings -> More Settings" to "Off".


+-------------------------------------------------------------+
; Parameter Settings for User Entity Instance: mux:mux_aluSrc ;
+----------------+-------+------------------------------------+
; Parameter Name ; Value ; Type                               ;
+----------------+-------+------------------------------------+
; DATA_WIDTH     ; 32    ; Signed Integer                     ;
+----------------+-------+------------------------------------+
Note: In order to hide this table in the UI and the text report file, please set the "Show Parameter Settings in Synthesis Report" option in "Analysis and Synthesis Settings -> More Settings" to "Off".


+--------------------------------------------------------------+
; Parameter Settings for User Entity Instance: DataMemory:dmem ;
+----------------+-------+-------------------------------------+
; Parameter Name ; Value ; Type                                ;
+----------------+-------+-------------------------------------+
; DATA_WIDTH     ; 32    ; Signed Integer                      ;
; ADDR_WIDTH     ; 5     ; Signed Integer                      ;
+----------------+-------+-------------------------------------+
Note: In order to hide this table in the UI and the text report file, please set the "Show Parameter Settings in Synthesis Report" option in "Analysis and Synthesis Settings -> More Settings" to "Off".


+---------------------------------------------------------------+
; Parameter Settings for User Entity Instance: mux:mux_memToReg ;
+----------------+-------+--------------------------------------+
; Parameter Name ; Value ; Type                                 ;
+----------------+-------+--------------------------------------+
; DATA_WIDTH     ; 32    ; Signed Integer                       ;
+----------------+-------+--------------------------------------+
Note: In order to hide this table in the UI and the text report file, please set the "Show Parameter Settings in Synthesis Report" option in "Analysis and Synthesis Settings -> More Settings" to "Off".


+----------------------------------------------------------------------------------------------------------------------------------------------------------------------------------------------------------------+
; Port Connectivity Checks: "DataMemory:dmem"                                                                                                                                                                    ;
+---------+-------+----------+-----------------------------------------------------------------------------------------------------------------------------------------------------------------------------------+
; Port    ; Type  ; Severity ; Details                                                                                                                                                                           ;
+---------+-------+----------+-----------------------------------------------------------------------------------------------------------------------------------------------------------------------------------+
; Address ; Input ; Warning  ; Input port expression (10 bits) is wider than the input port (5 bits) it drives.  The 5 most-significant bit(s) in the expression will be dangling if they have no other fanouts. ;
+---------+-------+----------+-----------------------------------------------------------------------------------------------------------------------------------------------------------------------------------+


+-------------------------------+
; Elapsed Time Per Partition    ;
+----------------+--------------+
; Partition Name ; Elapsed Time ;
+----------------+--------------+
; Top            ; 00:00:05     ;
+----------------+--------------+


+-------------------------------+
; Analysis & Synthesis Messages ;
+-------------------------------+
Info: *******************************************************************
Info: Running Quartus II 64-Bit Analysis & Synthesis
    Info: Version 13.0.1 Build 232 06/12/2013 Service Pack 1 SJ Web Edition
    Info: Processing started: Mon Dec 04 22:41:07 2023
Info: Command: quartus_map --read_settings_files=on --write_settings_files=off LAB5 -c LAB5
Warning (20028): Parallel compilation is not licensed and has been disabled
Info (12021): Found 1 design units, including 1 entities, in source file alu_32bits.v
    Info (12023): Found entity 1: ALU_32bits
Info (12021): Found 1 design units, including 1 entities, in source file datamemory.v
    Info (12023): Found entity 1: DataMemory
Info (12021): Found 1 design units, including 1 entities, in source file datapath.v
    Info (12023): Found entity 1: datapath
Warning (12090): Entity "mux" obtained from "mux.v" instead of from Quartus II megafunction library
Info (12021): Found 1 design units, including 1 entities, in source file mux.v
    Info (12023): Found entity 1: mux
Info (12021): Found 1 design units, including 1 entities, in source file registerfile.v
    Info (12023): Found entity 1: RegisterFile
Info (12021): Found 1 design units, including 1 entities, in source file signextend.v
    Info (12023): Found entity 1: signExtend
Info (12127): Elaborating entity "datapath" for the top level hierarchy
Info (12128): Elaborating entity "mux" for hierarchy "mux:mux_regDst"
Info (12128): Elaborating entity "RegisterFile" for hierarchy "RegisterFile:regFile"
Info (12128): Elaborating entity "signExtend" for hierarchy "signExtend:signEtx"
Info (12128): Elaborating entity "mux" for hierarchy "mux:mux_aluSrc"
Info (12128): Elaborating entity "ALU_32bits" for hierarchy "ALU_32bits:alu"
Warning (10230): Verilog HDL assignment warning at ALU_32bits.v(32): truncated value with size 32 to match size of target (1)
Info (12128): Elaborating entity "DataMemory" for hierarchy "DataMemory:dmem"
Warning (13046): Tri-state node(s) do not directly drive top-level pin(s)
    Warning (13049): Converted tri-state buffer "DataMemory:dmem|ReadData[0]" feeding internal logic into a wire
    Warning (13049): Converted tri-state buffer "DataMemory:dmem|ReadData[1]" feeding internal logic into a wire
    Warning (13049): Converted tri-state buffer "DataMemory:dmem|ReadData[2]" feeding internal logic into a wire
    Warning (13049): Converted tri-state buffer "DataMemory:dmem|ReadData[3]" feeding internal logic into a wire
    Warning (13049): Converted tri-state buffer "DataMemory:dmem|ReadData[4]" feeding internal logic into a wire
    Warning (13049): Converted tri-state buffer "DataMemory:dmem|ReadData[5]" feeding internal logic into a wire
    Warning (13049): Converted tri-state buffer "DataMemory:dmem|ReadData[6]" feeding internal logic into a wire
    Warning (13049): Converted tri-state buffer "DataMemory:dmem|ReadData[7]" feeding internal logic into a wire
    Warning (13049): Converted tri-state buffer "DataMemory:dmem|ReadData[8]" feeding internal logic into a wire
    Warning (13049): Converted tri-state buffer "DataMemory:dmem|ReadData[9]" feeding internal logic into a wire
    Warning (13049): Converted tri-state buffer "DataMemory:dmem|ReadData[10]" feeding internal logic into a wire
    Warning (13049): Converted tri-state buffer "DataMemory:dmem|ReadData[11]" feeding internal logic into a wire
    Warning (13049): Converted tri-state buffer "DataMemory:dmem|ReadData[12]" feeding internal logic into a wire
    Warning (13049): Converted tri-state buffer "DataMemory:dmem|ReadData[13]" feeding internal logic into a wire
    Warning (13049): Converted tri-state buffer "DataMemory:dmem|ReadData[14]" feeding internal logic into a wire
    Warning (13049): Converted tri-state buffer "DataMemory:dmem|ReadData[15]" feeding internal logic into a wire
    Warning (13049): Converted tri-state buffer "DataMemory:dmem|ReadData[16]" feeding internal logic into a wire
    Warning (13049): Converted tri-state buffer "DataMemory:dmem|ReadData[17]" feeding internal logic into a wire
    Warning (13049): Converted tri-state buffer "DataMemory:dmem|ReadData[18]" feeding internal logic into a wire
    Warning (13049): Converted tri-state buffer "DataMemory:dmem|ReadData[19]" feeding internal logic into a wire
    Warning (13049): Converted tri-state buffer "DataMemory:dmem|ReadData[20]" feeding internal logic into a wire
    Warning (13049): Converted tri-state buffer "DataMemory:dmem|ReadData[21]" feeding internal logic into a wire
    Warning (13049): Converted tri-state buffer "DataMemory:dmem|ReadData[22]" feeding internal logic into a wire
    Warning (13049): Converted tri-state buffer "DataMemory:dmem|ReadData[23]" feeding internal logic into a wire
    Warning (13049): Converted tri-state buffer "DataMemory:dmem|ReadData[24]" feeding internal logic into a wire
    Warning (13049): Converted tri-state buffer "DataMemory:dmem|ReadData[25]" feeding internal logic into a wire
    Warning (13049): Converted tri-state buffer "DataMemory:dmem|ReadData[26]" feeding internal logic into a wire
    Warning (13049): Converted tri-state buffer "DataMemory:dmem|ReadData[27]" feeding internal logic into a wire
    Warning (13049): Converted tri-state buffer "DataMemory:dmem|ReadData[28]" feeding internal logic into a wire
    Warning (13049): Converted tri-state buffer "DataMemory:dmem|ReadData[29]" feeding internal logic into a wire
    Warning (13049): Converted tri-state buffer "DataMemory:dmem|ReadData[30]" feeding internal logic into a wire
    Warning (13049): Converted tri-state buffer "DataMemory:dmem|ReadData[31]" feeding internal logic into a wire
Info (276014): Found 2 instances of uninferred RAM logic
    Info (276007): RAM logic "RegisterFile:regFile|registers" is uninferred due to asynchronous read logic
    Info (276007): RAM logic "DataMemory:dmem|dmem" is uninferred due to asynchronous read logic
Warning (12241): 1 hierarchies have connectivity warnings - see the Connectivity Checks report folder
Info (144001): Generated suppressed messages file D:/University/Thiet_Ke_He_Thong_So_Voi_HDL/TH/LAB5/output_files/LAB5.map.smsg
Info (16010): Generating hard_block partition "hard_block:auto_generated_inst"
    Info (16011): Adding 0 node(s), including 0 DDIO, 0 PLL, 0 transceiver and 0 LCELL
Warning (21074): Design contains 7 input pin(s) that do not drive logic
    Warning (15610): No output dependent on input pin "instruction[26]"
    Warning (15610): No output dependent on input pin "instruction[27]"
    Warning (15610): No output dependent on input pin "instruction[28]"
    Warning (15610): No output dependent on input pin "instruction[29]"
    Warning (15610): No output dependent on input pin "instruction[30]"
    Warning (15610): No output dependent on input pin "instruction[31]"
    Warning (15610): No output dependent on input pin "memRead"
Info (21057): Implemented 4426 device resources after synthesis - the final resource count might be different
    Info (21058): Implemented 42 input pins
    Info (21059): Implemented 1 output pins
    Info (21061): Implemented 4383 logic cells
Info: Quartus II 64-Bit Analysis & Synthesis was successful. 0 errors, 45 warnings
    Info: Peak virtual memory: 4624 megabytes
    Info: Processing ended: Mon Dec 04 22:41:14 2023
    Info: Elapsed time: 00:00:07
    Info: Total CPU time (on all processors): 00:00:06


+------------------------------------------+
; Analysis & Synthesis Suppressed Messages ;
+------------------------------------------+
The suppressed messages can be found in D:/University/Thiet_Ke_He_Thong_So_Voi_HDL/TH/LAB5/output_files/LAB5.map.smsg.


